<?xml version="1.0" encoding="UTF-8"?>
<!-- Generated by org.testng.reporters.JUnitXMLReporter -->
<testsuite ignored="0" hostname="DESKTOP-QKSDVFJ" failures="0" tests="4" name="EdgeTest" time="2.513" errors="0" timestamp="2026-04-25T16:34:26 IST">
  <testcase classname="testCases.TC003_LoginDDT" name="verify_LoginDDT" time="0.0">
    <skipped/>
  </testcase> <!-- verify_LoginDDT -->
  <testcase classname="testCases.TC003_LoginDDT" name="verify_LoginDDT" time="0.0">
    <skipped/>
  </testcase> <!-- verify_LoginDDT -->
  <testcase classname="testCases.TC003_LoginDDT" name="verify_LoginDDT" time="0.0">
    <skipped/>
  </testcase> <!-- verify_LoginDDT -->
  <testcase classname="testCases.TC003_LoginDDT" name="verify_LoginDDT" time="0.0">
    <skipped/>
  </testcase> <!-- verify_LoginDDT -->
</testsuite> <!-- EdgeTest -->
