<?xml version="1.0" encoding="UTF-8"?>
<!-- Generated by org.testng.reporters.JUnitXMLReporter -->
<testsuite ignored="0" hostname="DESKTOP-QKSDVFJ" failures="0" tests="1" name="Test" time="0.053" errors="0" timestamp="2026-04-14T12:24:37 IST">
  <testcase classname="testCases.BaseClass" name="@BeforeClass setup" time="-1.776149677207E9">
    <failure type="org.testng.TestNGException" message="
Parameter &amp;apos;os&amp;apos; is required by BeforeClass on method setup but has not been marked @Optional or defined
in C:\Users\abhis\eclipse-workspace\DarveysV1\CrossBrowser.xml">
      <![CDATA[org.testng.TestNGException: 
Parameter 'os' is required by BeforeClass on method setup but has not been marked @Optional or defined
in C:\Users\abhis\eclipse-workspace\DarveysV1\CrossBrowser.xml
at java.base/java.util.ArrayList.forEach(ArrayList.java:1596)
... Removed 22 stack frames]]>
    </failure>
  </testcase> <!-- @BeforeClass setup -->
  <testcase classname="testCases.BaseClass" name="@AfterClass tearDown" time="0.0">
    <skipped/>
  </testcase> <!-- @AfterClass tearDown -->
  <testcase classname="testCases.TC001_AccountRegistrationTest" name="Verify_Account_Reg" time="0.0">
    <skipped/>
  </testcase> <!-- Verify_Account_Reg -->
</testsuite> <!-- Test -->
